<?xml version="1.0" encoding="UTF-8"?>
<!-- Generated by org.testng.reporters.JUnitReportReporter -->
<testsuite skipped="1" hostname="LAPTOP-GJODNARM" name="testNgTesting.TestClass" tests="4" failures="0" timestamp="2019-11-19T14:47:51 GST" time="0.017" errors="0">
  <testcase name="testcase1" time="0.011" classname="testNgTesting.TestClass"/>
  <testcase name="testcase3" time="0.003" classname="testNgTesting.TestClass"/>
  <testcase name="testcase4" time="0.003" classname="testNgTesting.TestClass"/>
  <testcase name="testcase2" classname="testNgTesting.TestClass">
    <skipped/>
  </testcase> <!-- testcase2 -->
</testsuite> <!-- testNgTesting.TestClass -->
