<?xml version="1.0" encoding="UTF-8"?>
<!-- Generated by org.testng.reporters.JUnitReportReporter -->
<testsuite skipped="0" hostname="LAPTOP-GJODNARM" name="testNgTesting.Guru99Project" tests="2" failures="0" timestamp="2019-11-19T15:03:52 GST" time="1.596" errors="0">
  <testcase name="verifyTitleOfThePage" time="0.012" classname="testNgTesting.Guru99Project"/>
  <testcase name="loginToGuru99" time="1.584" classname="testNgTesting.Guru99Project"/>
</testsuite> <!-- testNgTesting.Guru99Project -->
